<?xml version="1.0" encoding="utf-8"?><testsuites name="pytest tests"><testsuite name="pytest" errors="0" failures="0" skipped="0" tests="10" time="5.213" timestamp="2026-07-09T20:58:54.696594+00:00" hostname="agent-env-ea96d7fe-859b-47d8-9c8b-80b19686cefa"><testcase classname="tests.test_phase2_social.TestComments" name="test_comment_create_list_delete" time="1.173" /><testcase classname="tests.test_phase2_social.TestReactions" name="test_feed_events_have_social_fields" time="0.713" /><testcase classname="tests.test_phase2_social.TestReactions" name="test_react_set_replace_toggle" time="0.512" /><testcase classname="tests.test_phase2_social.TestComments" name="test_admin_can_delete_any_comment" time="0.787" /><testcase classname="tests.test_phase2_social.TestReactions" name="test_one_reaction_per_user_unique" time="1.442" /><testcase classname="tests.test_phase2_social.TestComments" name="test_non_owner_cannot_delete" time="0.722" /><testcase classname="tests.test_phase2_social.TestSocialNotifications" name="test_reaction_notifies_owner_not_self" time="1.077" /><testcase classname="tests.test_phase2_social.TestComments" name="test_empty_comment_rejected" time="0.248" /><testcase classname="tests.test_phase2_social.TestPersistence" name="test_reaction_and_comment_persist_across_reload" time="0.730" /><testcase classname="tests.test_phase2_social.TestSocialNotifications" name="test_comment_notifies_owner_not_self" time="1.007" /></testsuite></testsuites>