<?xml version="1.0" encoding="utf-8"?><testsuites name="pytest tests"><testsuite name="pytest" errors="0" failures="0" skipped="0" tests="14" time="7.340" timestamp="2026-07-09T20:34:36.215892+00:00" hostname="agent-env-ea96d7fe-859b-47d8-9c8b-80b19686cefa"><testcase classname="tests.test_phase6.TestRegisterApprovalFlow" name="test_self_register_returns_pending_not_token" time="1.055" /><testcase classname="tests.test_phase6.TestTaskConstructor" name="test_list_tasks_seed" time="1.054" /><testcase classname="tests.test_phase6.TestTaskConstructor" name="test_admin_create_task_dynamic_fields" time="1.013" /><testcase classname="tests.test_phase6.TestRegisterApprovalFlow" name="test_admin_pending_lists_new_user_and_approve_grants_login" time="1.654" /><testcase classname="tests.test_phase6.TestTaskConstructor" name="test_admin_update_and_delete_task" time="0.696" /><testcase classname="tests.test_phase6.TestRegisterApprovalFlow" name="test_admin_reject_deletes_pending_user" time="0.725" /><testcase classname="tests.test_phase6.TestApplicationLifecycle" name="test_full_submit_review_approve_flow" time="1.442" /><testcase classname="tests.test_phase6.TestRegression" name="test_teams_public" time="0.112" /><testcase classname="tests.test_phase6.TestRegression" name="test_existing_login_and_me" time="1.314" /><testcase classname="tests.test_phase6.TestApplicationLifecycle" name="test_draft_then_submit" time="0.760" /><testcase classname="tests.test_phase6.TestApplicationLifecycle" name="test_reject_requires_reason_and_allows_edit" time="0.915" /><testcase classname="tests.test_phase6.TestRegression" name="test_quests_prizes_leaderboard_feed" time="0.933" /><testcase classname="tests.test_phase6.TestNotifications" name="test_unread_count_and_mark_all_read" time="0.542" /><testcase classname="tests.test_phase6.TestNotifications" name="test_admin_gets_pending_user_and_application_notifs" time="0.466" /></testsuite></testsuites>